app/build/intermediates/manifest_merge_blame_file/debug/processDebugMainManifest/manifest-merger-blame-debug-report.txt
1<?xml version="1.0" encoding="utf-8"?>
2<manifest xmlns:android="http://schemas.android.com/apk/res/android"
3    package="com.vitatrack.app"
4    android:versionCode="1"
5    android:versionName="1.0" >
6
7    <uses-sdk
8        android:minSdkVersion="23"
9        android:targetSdkVersion="34" />
10
11    <uses-permission android:name="android.permission.INTERNET" />
11-->src\main\AndroidManifest.xml:5:5-67
11-->src\main\AndroidManifest.xml:5:22-64
12    <uses-permission android:name="android.permission.ACCESS_NETWORK_STATE" />
12-->src\main\AndroidManifest.xml:6:5-79
12-->src\main\AndroidManifest.xml:6:22-76
13    <uses-permission android:name="android.permission.WAKE_LOCK" />
13-->src\main\AndroidManifest.xml:7:5-68
13-->src\main\AndroidManifest.xml:7:22-65
14    <uses-permission android:name="android.permission.RECEIVE_BOOT_COMPLETED" />
14-->src\main\AndroidManifest.xml:8:5-81
14-->src\main\AndroidManifest.xml:8:22-78
15    <uses-permission android:name="android.permission.VIBRATE" />
15-->src\main\AndroidManifest.xml:9:5-66
15-->src\main\AndroidManifest.xml:9:22-63
16    <uses-permission android:name="android.permission.POST_NOTIFICATIONS" />
16-->src\main\AndroidManifest.xml:10:5-77
16-->src\main\AndroidManifest.xml:10:22-74
17
18    <!-- Required by older versions of Google Play services to create IID tokens -->
19    <uses-permission android:name="com.google.android.c2dm.permission.RECEIVE" />
19-->[com.google.firebase:firebase-messaging:23.4.0] AndroidManifest.xml:26:5-82
19-->[com.google.firebase:firebase-messaging:23.4.0] AndroidManifest.xml:26:22-79
20    <uses-permission android:name="android.permission.FOREGROUND_SERVICE" />
20-->[androidx.work:work-runtime:2.9.0] AndroidManifest.xml:26:5-77
20-->[androidx.work:work-runtime:2.9.0] AndroidManifest.xml:26:22-74
21
22    <permission
22-->[androidx.core:core:1.12.0] AndroidManifest.xml:22:5-24:47
23        android:name="com.vitatrack.app.DYNAMIC_RECEIVER_NOT_EXPORTED_PERMISSION"
23-->[androidx.core:core:1.12.0] AndroidManifest.xml:23:9-81
24        android:protectionLevel="signature" />
24-->[androidx.core:core:1.12.0] AndroidManifest.xml:24:9-44
25
26    <uses-permission android:name="com.vitatrack.app.DYNAMIC_RECEIVER_NOT_EXPORTED_PERMISSION" />
26-->[androidx.core:core:1.12.0] AndroidManifest.xml:26:5-97
26-->[androidx.core:core:1.12.0] AndroidManifest.xml:26:22-94
27    <uses-permission android:name="com.google.android.providers.gsf.permission.READ_GSERVICES" />
27-->[com.google.android.recaptcha:recaptcha:18.4.0] AndroidManifest.xml:9:5-98
27-->[com.google.android.recaptcha:recaptcha:18.4.0] AndroidManifest.xml:9:22-95
28
29    <application
29-->src\main\AndroidManifest.xml:12:5-85:19
30        android:name="com.vitatrack.app.VitaTrackApplication"
30-->src\main\AndroidManifest.xml:13:9-45
31        android:allowBackup="true"
31-->src\main\AndroidManifest.xml:14:9-35
32        android:appComponentFactory="androidx.core.app.CoreComponentFactory"
32-->[androidx.core:core:1.12.0] AndroidManifest.xml:28:18-86
33        android:dataExtractionRules="@xml/data_extraction_rules"
33-->src\main\AndroidManifest.xml:15:9-65
34        android:debuggable="true"
35        android:extractNativeLibs="false"
36        android:fullBackupContent="@xml/backup_rules"
36-->src\main\AndroidManifest.xml:16:9-54
37        android:icon="@mipmap/ic_launcher"
37-->src\main\AndroidManifest.xml:17:9-43
38        android:label="@string/app_name"
38-->src\main\AndroidManifest.xml:18:9-41
39        android:networkSecurityConfig="@xml/network_security_config"
39-->src\main\AndroidManifest.xml:22:9-69
40        android:roundIcon="@mipmap/ic_launcher_round"
40-->src\main\AndroidManifest.xml:19:9-54
41        android:supportsRtl="true"
41-->src\main\AndroidManifest.xml:20:9-35
42        android:testOnly="true"
43        android:theme="@style/Theme.VitaTrack"
43-->src\main\AndroidManifest.xml:21:9-47
44        android:usesCleartextTraffic="false" >
44-->src\main\AndroidManifest.xml:23:9-45
45
46        <!-- Splash Activity -->
47        <activity
47-->src\main\AndroidManifest.xml:27:9-35:20
48            android:name="com.vitatrack.app.ui.splash.SplashActivity"
48-->src\main\AndroidManifest.xml:28:13-53
49            android:exported="true"
49-->src\main\AndroidManifest.xml:29:13-36
50            android:theme="@style/Theme.VitaTrack.Splash" >
50-->src\main\AndroidManifest.xml:30:13-58
51            <intent-filter>
51-->src\main\AndroidManifest.xml:31:13-34:29
52                <action android:name="android.intent.action.MAIN" />
52-->src\main\AndroidManifest.xml:32:17-69
52-->src\main\AndroidManifest.xml:32:25-66
53
54                <category android:name="android.intent.category.LAUNCHER" />
54-->src\main\AndroidManifest.xml:33:17-77
54-->src\main\AndroidManifest.xml:33:27-74
55            </intent-filter>
56        </activity>
57
58        <!-- Authentication Activity -->
59        <activity
59-->src\main\AndroidManifest.xml:38:9-41:54
60            android:name="com.vitatrack.app.ui.auth.AuthActivity"
60-->src\main\AndroidManifest.xml:39:13-49
61            android:exported="false"
61-->src\main\AndroidManifest.xml:40:13-37
62            android:theme="@style/Theme.VitaTrack" />
62-->src\main\AndroidManifest.xml:41:13-51
63
64        <!-- Simple Authentication Activity (Test) -->
65        <activity
65-->src\main\AndroidManifest.xml:44:9-47:54
66            android:name="com.vitatrack.app.ui.auth.SimpleAuthActivity"
66-->src\main\AndroidManifest.xml:45:13-55
67            android:exported="false"
67-->src\main\AndroidManifest.xml:46:13-37
68            android:theme="@style/Theme.VitaTrack" />
68-->src\main\AndroidManifest.xml:47:13-51
69
70        <!-- Login Activity -->
71        <activity
71-->src\main\AndroidManifest.xml:50:9-53:54
72            android:name="com.vitatrack.app.ui.auth.LoginActivity"
72-->src\main\AndroidManifest.xml:51:13-50
73            android:exported="false"
73-->src\main\AndroidManifest.xml:52:13-37
74            android:theme="@style/Theme.VitaTrack" />
74-->src\main\AndroidManifest.xml:53:13-51
75
76        <!-- Main Activity -->
77        <activity
77-->src\main\AndroidManifest.xml:56:9-59:54
78            android:name="com.vitatrack.app.ui.main.MainActivity"
78-->src\main\AndroidManifest.xml:57:13-49
79            android:exported="false"
79-->src\main\AndroidManifest.xml:58:13-37
80            android:theme="@style/Theme.VitaTrack" />
80-->src\main\AndroidManifest.xml:59:13-51
81
82        <!-- Simple Main Activity (Test) -->
83        <activity
83-->src\main\AndroidManifest.xml:62:9-65:54
84            android:name="com.vitatrack.app.ui.main.SimpleMainActivity"
84-->src\main\AndroidManifest.xml:63:13-55
85            android:exported="false"
85-->src\main\AndroidManifest.xml:64:13-37
86            android:theme="@style/Theme.VitaTrack" />
86-->src\main\AndroidManifest.xml:65:13-51
87
88        <!-- New Main Activity with Navigation -->
89        <activity
89-->src\main\AndroidManifest.xml:68:9-71:54
90            android:name="com.vitatrack.app.ui.main.MainActivityNew"
90-->src\main\AndroidManifest.xml:69:13-52
91            android:exported="false"
91-->src\main\AndroidManifest.xml:70:13-37
92            android:theme="@style/Theme.VitaTrack" />
92-->src\main\AndroidManifest.xml:71:13-51
93
94        <!-- Firebase Messaging Service -->
95        <service
95-->src\main\AndroidManifest.xml:74:9-80:19
96            android:name="com.vitatrack.app.services.VitaTrackMessagingService"
96-->src\main\AndroidManifest.xml:75:13-63
97            android:exported="false" >
97-->src\main\AndroidManifest.xml:76:13-37
98            <intent-filter>
98-->src\main\AndroidManifest.xml:77:13-79:29
99                <action android:name="com.google.firebase.MESSAGING_EVENT" />
99-->src\main\AndroidManifest.xml:78:17-78
99-->src\main\AndroidManifest.xml:78:25-75
100            </intent-filter>
101        </service>
102
103        <!-- Notification Worker -->
104        <receiver android:name="com.vitatrack.app.receivers.NotificationReceiver" />
104-->src\main\AndroidManifest.xml:83:9-68
104-->src\main\AndroidManifest.xml:83:19-65
105
106        <activity
106-->[com.google.android.gms:play-services-auth:20.7.0] AndroidManifest.xml:23:9-27:75
107            android:name="com.google.android.gms.auth.api.signin.internal.SignInHubActivity"
107-->[com.google.android.gms:play-services-auth:20.7.0] AndroidManifest.xml:24:13-93
108            android:excludeFromRecents="true"
108-->[com.google.android.gms:play-services-auth:20.7.0] AndroidManifest.xml:25:13-46
109            android:exported="false"
109-->[com.google.android.gms:play-services-auth:20.7.0] AndroidManifest.xml:26:13-37
110            android:theme="@android:style/Theme.Translucent.NoTitleBar" />
110-->[com.google.android.gms:play-services-auth:20.7.0] AndroidManifest.xml:27:13-72
111        <!--
112            Service handling Google Sign-In user revocation. For apps that do not integrate with
113            Google Sign-In, this service will never be started.
114        -->
115        <service
115-->[com.google.android.gms:play-services-auth:20.7.0] AndroidManifest.xml:33:9-37:51
116            android:name="com.google.android.gms.auth.api.signin.RevocationBoundService"
116-->[com.google.android.gms:play-services-auth:20.7.0] AndroidManifest.xml:34:13-89
117            android:exported="true"
117-->[com.google.android.gms:play-services-auth:20.7.0] AndroidManifest.xml:35:13-36
118            android:permission="com.google.android.gms.auth.api.signin.permission.REVOCATION_NOTIFICATION"
118-->[com.google.android.gms:play-services-auth:20.7.0] AndroidManifest.xml:36:13-107
119            android:visibleToInstantApps="true" />
119-->[com.google.android.gms:play-services-auth:20.7.0] AndroidManifest.xml:37:13-48
120        <service
120-->[com.google.firebase:firebase-auth-ktx:22.3.1] AndroidManifest.xml:8:9-14:19
121            android:name="com.google.firebase.components.ComponentDiscoveryService"
121-->[com.google.firebase:firebase-auth-ktx:22.3.1] AndroidManifest.xml:9:13-84
122            android:directBootAware="true"
122-->[com.google.firebase:firebase-common:20.4.2] AndroidManifest.xml:32:13-43
123            android:exported="false" >
123-->[com.google.firebase:firebase-auth-ktx:22.3.1] AndroidManifest.xml:10:13-37
124            <meta-data
124-->[com.google.firebase:firebase-auth-ktx:22.3.1] AndroidManifest.xml:11:13-13:85
125                android:name="com.google.firebase.components:com.google.firebase.auth.ktx.FirebaseAuthLegacyRegistrar"
125-->[com.google.firebase:firebase-auth-ktx:22.3.1] AndroidManifest.xml:12:17-119
126                android:value="com.google.firebase.components.ComponentRegistrar" />
126-->[com.google.firebase:firebase-auth-ktx:22.3.1] AndroidManifest.xml:13:17-82
127            <meta-data
127-->[com.google.firebase:firebase-auth:22.3.1] AndroidManifest.xml:69:13-71:85
128                android:name="com.google.firebase.components:com.google.firebase.auth.FirebaseAuthRegistrar"
128-->[com.google.firebase:firebase-auth:22.3.1] AndroidManifest.xml:70:17-109
129                android:value="com.google.firebase.components.ComponentRegistrar" />
129-->[com.google.firebase:firebase-auth:22.3.1] AndroidManifest.xml:71:17-82
130            <meta-data
130-->[com.google.firebase:firebase-storage-ktx:20.3.0] AndroidManifest.xml:12:13-14:85
131                android:name="com.google.firebase.components:com.google.firebase.storage.ktx.FirebaseStorageLegacyRegistrar"
131-->[com.google.firebase:firebase-storage-ktx:20.3.0] AndroidManifest.xml:13:17-125
132                android:value="com.google.firebase.components.ComponentRegistrar" />
132-->[com.google.firebase:firebase-storage-ktx:20.3.0] AndroidManifest.xml:14:17-82
133            <meta-data
133-->[com.google.firebase:firebase-storage:20.3.0] AndroidManifest.xml:30:13-32:85
134                android:name="com.google.firebase.components:com.google.firebase.storage.FirebaseStorageKtxRegistrar"
134-->[com.google.firebase:firebase-storage:20.3.0] AndroidManifest.xml:31:17-118
135                android:value="com.google.firebase.components.ComponentRegistrar" />
135-->[com.google.firebase:firebase-storage:20.3.0] AndroidManifest.xml:32:17-82
136            <meta-data
136-->[com.google.firebase:firebase-storage:20.3.0] AndroidManifest.xml:33:13-35:85
137                android:name="com.google.firebase.components:com.google.firebase.storage.StorageRegistrar"
137-->[com.google.firebase:firebase-storage:20.3.0] AndroidManifest.xml:34:17-107
138                android:value="com.google.firebase.components.ComponentRegistrar" />
138-->[com.google.firebase:firebase-storage:20.3.0] AndroidManifest.xml:35:17-82
139            <meta-data
139-->[com.google.firebase:firebase-firestore-ktx:24.10.1] AndroidManifest.xml:12:13-14:85
140                android:name="com.google.firebase.components:com.google.firebase.firestore.ktx.FirebaseFirestoreLegacyRegistrar"
140-->[com.google.firebase:firebase-firestore-ktx:24.10.1] AndroidManifest.xml:13:17-129
141                android:value="com.google.firebase.components.ComponentRegistrar" />
141-->[com.google.firebase:firebase-firestore-ktx:24.10.1] AndroidManifest.xml:14:17-82
142            <meta-data
142-->[com.google.firebase:firebase-firestore:24.10.1] AndroidManifest.xml:17:13-19:85
143                android:name="com.google.firebase.components:com.google.firebase.firestore.FirebaseFirestoreKtxRegistrar"
143-->[com.google.firebase:firebase-firestore:24.10.1] AndroidManifest.xml:18:17-122
144                android:value="com.google.firebase.components.ComponentRegistrar" />
144-->[com.google.firebase:firebase-firestore:24.10.1] AndroidManifest.xml:19:17-82
145            <meta-data
145-->[com.google.firebase:firebase-firestore:24.10.1] AndroidManifest.xml:20:13-22:85
146                android:name="com.google.firebase.components:com.google.firebase.firestore.FirestoreRegistrar"
146-->[com.google.firebase:firebase-firestore:24.10.1] AndroidManifest.xml:21:17-111
147                android:value="com.google.firebase.components.ComponentRegistrar" />
147-->[com.google.firebase:firebase-firestore:24.10.1] AndroidManifest.xml:22:17-82
148            <meta-data
148-->[com.google.firebase:firebase-messaging-ktx:23.4.0] AndroidManifest.xml:26:13-28:85
149                android:name="com.google.firebase.components:com.google.firebase.messaging.ktx.FirebaseMessagingLegacyRegistrar"
149-->[com.google.firebase:firebase-messaging-ktx:23.4.0] AndroidManifest.xml:27:17-129
150                android:value="com.google.firebase.components.ComponentRegistrar" />
150-->[com.google.firebase:firebase-messaging-ktx:23.4.0] AndroidManifest.xml:28:17-82
151            <meta-data
151-->[com.google.firebase:firebase-messaging:23.4.0] AndroidManifest.xml:57:13-59:85
152                android:name="com.google.firebase.components:com.google.firebase.messaging.FirebaseMessagingKtxRegistrar"
152-->[com.google.firebase:firebase-messaging:23.4.0] AndroidManifest.xml:58:17-122
153                android:value="com.google.firebase.components.ComponentRegistrar" />
153-->[com.google.firebase:firebase-messaging:23.4.0] AndroidManifest.xml:59:17-82
154            <meta-data
154-->[com.google.firebase:firebase-messaging:23.4.0] AndroidManifest.xml:60:13-62:85
155                android:name="com.google.firebase.components:com.google.firebase.messaging.FirebaseMessagingRegistrar"
155-->[com.google.firebase:firebase-messaging:23.4.0] AndroidManifest.xml:61:17-119
156                android:value="com.google.firebase.components.ComponentRegistrar" />
156-->[com.google.firebase:firebase-messaging:23.4.0] AndroidManifest.xml:62:17-82
157            <meta-data
157-->[com.google.firebase:firebase-appcheck:17.1.1] AndroidManifest.xml:25:13-27:85
158                android:name="com.google.firebase.components:com.google.firebase.appcheck.FirebaseAppCheckKtxRegistrar"
158-->[com.google.firebase:firebase-appcheck:17.1.1] AndroidManifest.xml:26:17-120
159                android:value="com.google.firebase.components.ComponentRegistrar" />
159-->[com.google.firebase:firebase-appcheck:17.1.1] AndroidManifest.xml:27:17-82
160            <meta-data
160-->[com.google.firebase:firebase-appcheck:17.1.1] AndroidManifest.xml:28:13-30:85
161                android:name="com.google.firebase.components:com.google.firebase.appcheck.FirebaseAppCheckRegistrar"
161-->[com.google.firebase:firebase-appcheck:17.1.1] AndroidManifest.xml:29:17-117
162                android:value="com.google.firebase.components.ComponentRegistrar" />
162-->[com.google.firebase:firebase-appcheck:17.1.1] AndroidManifest.xml:30:17-82
163            <meta-data
163-->[com.google.firebase:firebase-installations:17.2.0] AndroidManifest.xml:15:13-17:85
164                android:name="com.google.firebase.components:com.google.firebase.installations.FirebaseInstallationsKtxRegistrar"
164-->[com.google.firebase:firebase-installations:17.2.0] AndroidManifest.xml:16:17-130
165                android:value="com.google.firebase.components.ComponentRegistrar" />
165-->[com.google.firebase:firebase-installations:17.2.0] AndroidManifest.xml:17:17-82
166            <meta-data
166-->[com.google.firebase:firebase-installations:17.2.0] AndroidManifest.xml:18:13-20:85
167                android:name="com.google.firebase.components:com.google.firebase.installations.FirebaseInstallationsRegistrar"
167-->[com.google.firebase:firebase-installations:17.2.0] AndroidManifest.xml:19:17-127
168                android:value="com.google.firebase.components.ComponentRegistrar" />
168-->[com.google.firebase:firebase-installations:17.2.0] AndroidManifest.xml:20:17-82
169            <meta-data
169-->[com.google.firebase:firebase-common-ktx:20.4.2] AndroidManifest.xml:12:13-14:85
170                android:name="com.google.firebase.components:com.google.firebase.ktx.FirebaseCommonLegacyRegistrar"
170-->[com.google.firebase:firebase-common-ktx:20.4.2] AndroidManifest.xml:13:17-116
171                android:value="com.google.firebase.components.ComponentRegistrar" />
171-->[com.google.firebase:firebase-common-ktx:20.4.2] AndroidManifest.xml:14:17-82
172            <meta-data
172-->[com.google.firebase:firebase-common:20.4.2] AndroidManifest.xml:35:13-37:85
173                android:name="com.google.firebase.components:com.google.firebase.FirebaseCommonKtxRegistrar"
173-->[com.google.firebase:firebase-common:20.4.2] AndroidManifest.xml:36:17-109
174                android:value="com.google.firebase.components.ComponentRegistrar" />
174-->[com.google.firebase:firebase-common:20.4.2] AndroidManifest.xml:37:17-82
175            <meta-data
175-->[com.google.firebase:firebase-datatransport:18.1.7] AndroidManifest.xml:27:13-29:85
176                android:name="com.google.firebase.components:com.google.firebase.datatransport.TransportRegistrar"
176-->[com.google.firebase:firebase-datatransport:18.1.7] AndroidManifest.xml:28:17-115
177                android:value="com.google.firebase.components.ComponentRegistrar" />
177-->[com.google.firebase:firebase-datatransport:18.1.7] AndroidManifest.xml:29:17-82
178        </service>
179
180        <activity
180-->[com.google.firebase:firebase-auth:22.3.1] AndroidManifest.xml:29:9-46:20
181            android:name="com.google.firebase.auth.internal.GenericIdpActivity"
181-->[com.google.firebase:firebase-auth:22.3.1] AndroidManifest.xml:30:13-80
182            android:excludeFromRecents="true"
182-->[com.google.firebase:firebase-auth:22.3.1] AndroidManifest.xml:31:13-46
183            android:exported="true"
183-->[com.google.firebase:firebase-auth:22.3.1] AndroidManifest.xml:32:13-36
184            android:launchMode="singleTask"
184-->[com.google.firebase:firebase-auth:22.3.1] AndroidManifest.xml:33:13-44
185            android:theme="@android:style/Theme.Translucent.NoTitleBar" >
185-->[com.google.firebase:firebase-auth:22.3.1] AndroidManifest.xml:34:13-72
186            <intent-filter>
186-->[com.google.firebase:firebase-auth:22.3.1] AndroidManifest.xml:35:13-45:29
187                <action android:name="android.intent.action.VIEW" />
187-->[com.google.firebase:firebase-auth:22.3.1] AndroidManifest.xml:36:17-69
187-->[com.google.firebase:firebase-auth:22.3.1] AndroidManifest.xml:36:25-66
188
189                <category android:name="android.intent.category.DEFAULT" />
189-->[com.google.firebase:firebase-auth:22.3.1] AndroidManifest.xml:38:17-76
189-->[com.google.firebase:firebase-auth:22.3.1] AndroidManifest.xml:38:27-73
190                <category android:name="android.intent.category.BROWSABLE" />
190-->[com.google.firebase:firebase-auth:22.3.1] AndroidManifest.xml:39:17-78
190-->[com.google.firebase:firebase-auth:22.3.1] AndroidManifest.xml:39:27-75
191
192                <data
192-->[com.google.firebase:firebase-auth:22.3.1] AndroidManifest.xml:41:17-44:51
193                    android:host="firebase.auth"
193-->[com.google.firebase:firebase-auth:22.3.1] AndroidManifest.xml:42:21-49
194                    android:path="/"
194-->[com.google.firebase:firebase-auth:22.3.1] AndroidManifest.xml:43:21-37
195                    android:scheme="genericidp" />
195-->[com.google.firebase:firebase-auth:22.3.1] AndroidManifest.xml:44:21-48
196            </intent-filter>
197        </activity>
198        <activity
198-->[com.google.firebase:firebase-auth:22.3.1] AndroidManifest.xml:47:9-64:20
199            android:name="com.google.firebase.auth.internal.RecaptchaActivity"
199-->[com.google.firebase:firebase-auth:22.3.1] AndroidManifest.xml:48:13-79
200            android:excludeFromRecents="true"
200-->[com.google.firebase:firebase-auth:22.3.1] AndroidManifest.xml:49:13-46
201            android:exported="true"
201-->[com.google.firebase:firebase-auth:22.3.1] AndroidManifest.xml:50:13-36
202            android:launchMode="singleTask"
202-->[com.google.firebase:firebase-auth:22.3.1] AndroidManifest.xml:51:13-44
203            android:theme="@android:style/Theme.Translucent.NoTitleBar" >
203-->[com.google.firebase:firebase-auth:22.3.1] AndroidManifest.xml:52:13-72
204            <intent-filter>
204-->[com.google.firebase:firebase-auth:22.3.1] AndroidManifest.xml:53:13-63:29
205                <action android:name="android.intent.action.VIEW" />
205-->[com.google.firebase:firebase-auth:22.3.1] AndroidManifest.xml:36:17-69
205-->[com.google.firebase:firebase-auth:22.3.1] AndroidManifest.xml:36:25-66
206
207                <category android:name="android.intent.category.DEFAULT" />
207-->[com.google.firebase:firebase-auth:22.3.1] AndroidManifest.xml:38:17-76
207-->[com.google.firebase:firebase-auth:22.3.1] AndroidManifest.xml:38:27-73
208                <category android:name="android.intent.category.BROWSABLE" />
208-->[com.google.firebase:firebase-auth:22.3.1] AndroidManifest.xml:39:17-78
208-->[com.google.firebase:firebase-auth:22.3.1] AndroidManifest.xml:39:27-75
209
210                <data
210-->[com.google.firebase:firebase-auth:22.3.1] AndroidManifest.xml:41:17-44:51
211                    android:host="firebase.auth"
211-->[com.google.firebase:firebase-auth:22.3.1] AndroidManifest.xml:42:21-49
212                    android:path="/"
212-->[com.google.firebase:firebase-auth:22.3.1] AndroidManifest.xml:43:21-37
213                    android:scheme="recaptcha" />
213-->[com.google.firebase:firebase-auth:22.3.1] AndroidManifest.xml:44:21-48
214            </intent-filter>
215        </activity>
216
217        <receiver
217-->[com.google.firebase:firebase-messaging:23.4.0] AndroidManifest.xml:29:9-40:20
218            android:name="com.google.firebase.iid.FirebaseInstanceIdReceiver"
218-->[com.google.firebase:firebase-messaging:23.4.0] AndroidManifest.xml:30:13-78
219            android:exported="true"
219-->[com.google.firebase:firebase-messaging:23.4.0] AndroidManifest.xml:31:13-36
220            android:permission="com.google.android.c2dm.permission.SEND" >
220-->[com.google.firebase:firebase-messaging:23.4.0] AndroidManifest.xml:32:13-73
221            <intent-filter>
221-->[com.google.firebase:firebase-messaging:23.4.0] AndroidManifest.xml:33:13-35:29
222                <action android:name="com.google.android.c2dm.intent.RECEIVE" />
222-->[com.google.firebase:firebase-messaging:23.4.0] AndroidManifest.xml:34:17-81
222-->[com.google.firebase:firebase-messaging:23.4.0] AndroidManifest.xml:34:25-78
223            </intent-filter>
224
225            <meta-data
225-->[com.google.firebase:firebase-messaging:23.4.0] AndroidManifest.xml:37:13-39:40
226                android:name="com.google.android.gms.cloudmessaging.FINISHED_AFTER_HANDLED"
226-->[com.google.firebase:firebase-messaging:23.4.0] AndroidManifest.xml:38:17-92
227                android:value="true" />
227-->[com.google.firebase:firebase-messaging:23.4.0] AndroidManifest.xml:39:17-37
228        </receiver>
229        <!--
230             FirebaseMessagingService performs security checks at runtime,
231             but set to not exported to explicitly avoid allowing another app to call it.
232        -->
233        <service
233-->[com.google.firebase:firebase-messaging:23.4.0] AndroidManifest.xml:46:9-53:19
234            android:name="com.google.firebase.messaging.FirebaseMessagingService"
234-->[com.google.firebase:firebase-messaging:23.4.0] AndroidManifest.xml:47:13-82
235            android:directBootAware="true"
235-->[com.google.firebase:firebase-messaging:23.4.0] AndroidManifest.xml:48:13-43
236            android:exported="false" >
236-->[com.google.firebase:firebase-messaging:23.4.0] AndroidManifest.xml:49:13-37
237            <intent-filter android:priority="-500" >
237-->src\main\AndroidManifest.xml:77:13-79:29
238                <action android:name="com.google.firebase.MESSAGING_EVENT" />
238-->src\main\AndroidManifest.xml:78:17-78
238-->src\main\AndroidManifest.xml:78:25-75
239            </intent-filter>
240        </service>
241
242        <activity
242-->[com.google.android.gms:play-services-base:18.0.1] AndroidManifest.xml:20:9-22:45
243            android:name="com.google.android.gms.common.api.GoogleApiActivity"
243-->[com.google.android.gms:play-services-base:18.0.1] AndroidManifest.xml:20:19-85
244            android:exported="false"
244-->[com.google.android.gms:play-services-base:18.0.1] AndroidManifest.xml:22:19-43
245            android:theme="@android:style/Theme.Translucent.NoTitleBar" />
245-->[com.google.android.gms:play-services-base:18.0.1] AndroidManifest.xml:21:19-78
246
247        <provider
247-->[com.google.firebase:firebase-common:20.4.2] AndroidManifest.xml:23:9-28:39
248            android:name="com.google.firebase.provider.FirebaseInitProvider"
248-->[com.google.firebase:firebase-common:20.4.2] AndroidManifest.xml:24:13-77
249            android:authorities="com.vitatrack.app.firebaseinitprovider"
249-->[com.google.firebase:firebase-common:20.4.2] AndroidManifest.xml:25:13-72
250            android:directBootAware="true"
250-->[com.google.firebase:firebase-common:20.4.2] AndroidManifest.xml:26:13-43
251            android:exported="false"
251-->[com.google.firebase:firebase-common:20.4.2] AndroidManifest.xml:27:13-37
252            android:initOrder="100" />
252-->[com.google.firebase:firebase-common:20.4.2] AndroidManifest.xml:28:13-36
253
254        <service
254-->[androidx.room:room-runtime:2.6.1] AndroidManifest.xml:24:9-28:63
255            android:name="androidx.room.MultiInstanceInvalidationService"
255-->[androidx.room:room-runtime:2.6.1] AndroidManifest.xml:25:13-74
256            android:directBootAware="true"
256-->[androidx.room:room-runtime:2.6.1] AndroidManifest.xml:26:13-43
257            android:exported="false" />
257-->[androidx.room:room-runtime:2.6.1] AndroidManifest.xml:27:13-37
258
259        <provider
259-->[androidx.work:work-runtime:2.9.0] AndroidManifest.xml:29:9-37:20
260            android:name="androidx.startup.InitializationProvider"
260-->[androidx.work:work-runtime:2.9.0] AndroidManifest.xml:30:13-67
261            android:authorities="com.vitatrack.app.androidx-startup"
261-->[androidx.work:work-runtime:2.9.0] AndroidManifest.xml:31:13-68
262            android:exported="false" >
262-->[androidx.work:work-runtime:2.9.0] AndroidManifest.xml:32:13-37
263            <meta-data
263-->[androidx.work:work-runtime:2.9.0] AndroidManifest.xml:34:13-36:52
264                android:name="androidx.work.WorkManagerInitializer"
264-->[androidx.work:work-runtime:2.9.0] AndroidManifest.xml:35:17-68
265                android:value="androidx.startup" />
265-->[androidx.work:work-runtime:2.9.0] AndroidManifest.xml:36:17-49
266            <meta-data
266-->[androidx.emoji2:emoji2:1.2.0] AndroidManifest.xml:29:13-31:52
267                android:name="androidx.emoji2.text.EmojiCompatInitializer"
267-->[androidx.emoji2:emoji2:1.2.0] AndroidManifest.xml:30:17-75
268                android:value="androidx.startup" />
268-->[androidx.emoji2:emoji2:1.2.0] AndroidManifest.xml:31:17-49
269            <meta-data
269-->[androidx.lifecycle:lifecycle-process:2.7.0] AndroidManifest.xml:29:13-31:52
270                android:name="androidx.lifecycle.ProcessLifecycleInitializer"
270-->[androidx.lifecycle:lifecycle-process:2.7.0] AndroidManifest.xml:30:17-78
271                android:value="androidx.startup" />
271-->[androidx.lifecycle:lifecycle-process:2.7.0] AndroidManifest.xml:31:17-49
272            <meta-data
272-->[androidx.profileinstaller:profileinstaller:1.3.0] AndroidManifest.xml:29:13-31:52
273                android:name="androidx.profileinstaller.ProfileInstallerInitializer"
273-->[androidx.profileinstaller:profileinstaller:1.3.0] AndroidManifest.xml:30:17-85
274                android:value="androidx.startup" />
274-->[androidx.profileinstaller:profileinstaller:1.3.0] AndroidManifest.xml:31:17-49
275        </provider>
276
277        <service
277-->[androidx.work:work-runtime:2.9.0] AndroidManifest.xml:39:9-45:35